C:\Users\Miquéias\Documents\AR Softworks\Projeto-REVO-ENGINE\engine\network\message_dispatcher.hpp(37,17): error C2653: 'spdlog': não é um nome de classe ou de namespace [C:\Users\Miquéias\Documents\AR Softworks\Projeto-REVO-ENGINE\build\engine\mmo_engine.vcxproj]
C:\Users\Miquéias\Documents\AR Softworks\Projeto-REVO-ENGINE\engine\network\message_dispatcher.hpp(37,25): error C3861: 'warn': identificador não encontrado [C:\Users\Miquéias\Documents\AR Softworks\Projeto-REVO-ENGINE\build\engine\mmo_engine.vcxproj]
C:\Users\Miquéias\Documents\AR Softworks\Projeto-REVO-ENGINE\engine\network\message_dispatcher.hpp(41,13): error C2653: 'spdlog': não é um nome de classe ou de namespace [C:\Users\Miquéias\Documents\AR Softworks\Projeto-REVO-ENGINE\build\engine\mmo_engine.vcxproj]
C:\Users\Miquéias\Documents\AR Softworks\Projeto-REVO-ENGINE\engine\network\message_dispatcher.hpp(41,21): error C3861: 'error': identificador não encontrado [C:\Users\Miquéias\Documents\AR Softworks\Projeto-REVO-ENGINE\build\engine\mmo_engine.vcxproj]
C:\Users\Miquéias\Documents\AR Softworks\Projeto-REVO-ENGINE\engine\core\engine.cpp(19,9): error C2511: 'Engine::Engine(void)': função membro sobrecarregada não encontrada em 'Engine' [C:\Users\Miquéias\Documents\AR Softworks\Projeto-REVO-ENGINE\build\engine\mmo_engine.vcxproj]
C:\Users\Miquéias\Documents\AR Softworks\Projeto-REVO-ENGINE\engine\core\game_loop.cpp(5,7): error C2371: 'clock_t': redefinição; tipos básicos diferentes [C:\Users\Miquéias\Documents\AR Softworks\Projeto-REVO-ENGINE\build\engine\mmo_engine.vcxproj]
C:\Users\Miquéias\Documents\AR Softworks\Projeto-REVO-ENGINE\engine\core\game_loop.cpp(26,23): error C2825: 'clock_t': deve ser uma classe ou namespace quando seguido por '::' [C:\Users\Miquéias\Documents\AR Softworks\Projeto-REVO-ENGINE\build\engine\mmo_engine.vcxproj]
C:\Users\Miquéias\Documents\AR Softworks\Projeto-REVO-ENGINE\engine\core\game_loop.cpp(26,32): error C2510: 'clock_t': esquerda de '::' deve ser uma class/struct/union [C:\Users\Miquéias\Documents\AR Softworks\Projeto-REVO-ENGINE\build\engine\mmo_engine.vcxproj]
C:\Users\Miquéias\Documents\AR Softworks\Projeto-REVO-ENGINE\engine\core\game_loop.cpp(26,32): error C3861: 'now': identificador não encontrado [C:\Users\Miquéias\Documents\AR Softworks\Projeto-REVO-ENGINE\build\engine\mmo_engine.vcxproj]
C:\Users\Miquéias\Documents\AR Softworks\Projeto-REVO-ENGINE\engine\core\game_loop.cpp(32,25): error C2825: 'clock_t': deve ser uma classe ou namespace quando seguido por '::' [C:\Users\Miquéias\Documents\AR Softworks\Projeto-REVO-ENGINE\build\engine\mmo_engine.vcxproj]
C:\Users\Miquéias\Documents\AR Softworks\Projeto-REVO-ENGINE\engine\core\game_loop.cpp(32,34): error C2510: 'clock_t': esquerda de '::' deve ser uma class/struct/union [C:\Users\Miquéias\Documents\AR Softworks\Projeto-REVO-ENGINE\build\engine\mmo_engine.vcxproj]
C:\Users\Miquéias\Documents\AR Softworks\Projeto-REVO-ENGINE\engine\core\game_loop.cpp(32,34): error C3536: 'now': não pode ser usado antes de ser inicializado [C:\Users\Miquéias\Documents\AR Softworks\Projeto-REVO-ENGINE\build\engine\mmo_engine.vcxproj]
C:\Users\Miquéias\Documents\AR Softworks\Projeto-REVO-ENGINE\engine\core\game_loop.cpp(45,27): error C2825: 'clock_t': deve ser uma classe ou namespace quando seguido por '::' [C:\Users\Miquéias\Documents\AR Softworks\Projeto-REVO-ENGINE\build\engine\mmo_engine.vcxproj]
C:\Users\Miquéias\Documents\AR Softworks\Projeto-REVO-ENGINE\engine\core\game_loop.cpp(45,36): error C2510: 'clock_t': esquerda de '::' deve ser uma class/struct/union [C:\Users\Miquéias\Documents\AR Softworks\Projeto-REVO-ENGINE\build\engine\mmo_engine.vcxproj]
C:\Users\Miquéias\Documents\AR Softworks\Projeto-REVO-ENGINE\engine\core\game_loop.cpp(49,34): error C2825: 'clock_t': deve ser uma classe ou namespace quando seguido por '::' [C:\Users\Miquéias\Documents\AR Softworks\Projeto-REVO-ENGINE\build\engine\mmo_engine.vcxproj]
C:\Users\Miquéias\Documents\AR Softworks\Projeto-REVO-ENGINE\engine\core\game_loop.cpp(49,43): error C2510: 'clock_t': esquerda de '::' deve ser uma class/struct/union [C:\Users\Miquéias\Documents\AR Softworks\Projeto-REVO-ENGINE\build\engine\mmo_engine.vcxproj]
C:\Users\Miquéias\Documents\AR Softworks\Projeto-REVO-ENGINE\engine\core\game_loop.cpp(68,19): error C2677: '+=' binário : nenhum operador global encontrado que receba o tipo 'std::chrono::microseconds' (ou não há conversão aceitável) [C:\Users\Miquéias\Documents\AR Softworks\Projeto-REVO-ENGINE\build\engine\mmo_engine.vcxproj]
C:\Users\Miquéias\Documents\AR Softworks\Projeto-REVO-ENGINE\engine\core\game_loop.cpp(70,13): error C2825: 'clock_t': deve ser uma classe ou namespace quando seguido por '::' [C:\Users\Miquéias\Documents\AR Softworks\Projeto-REVO-ENGINE\build\engine\mmo_engine.vcxproj]
C:\Users\Miquéias\Documents\AR Softworks\Projeto-REVO-ENGINE\engine\core\game_loop.cpp(70,22): error C2510: 'clock_t': esquerda de '::' deve ser uma class/struct/union [C:\Users\Miquéias\Documents\AR Softworks\Projeto-REVO-ENGINE\build\engine\mmo_engine.vcxproj]
C:\Users\Miquéias\Documents\AR Softworks\Projeto-REVO-ENGINE\engine\core\game_loop.cpp(72,25): error C2825: 'clock_t': deve ser uma classe ou namespace quando seguido por '::' [C:\Users\Miquéias\Documents\AR Softworks\Projeto-REVO-ENGINE\build\engine\mmo_engine.vcxproj]
C:\Users\Miquéias\Documents\AR Softworks\Projeto-REVO-ENGINE\engine\core\game_loop.cpp(72,34): error C2510: 'clock_t': esquerda de '::' deve ser uma class/struct/union [C:\Users\Miquéias\Documents\AR Softworks\Projeto-REVO-ENGINE\build\engine\mmo_engine.vcxproj]
C:\Users\Miquéias\Documents\AR Softworks\Projeto-REVO-ENGINE\engine\core\game_loop.cpp(72,40): error C2088: o operador integrado "+" não pode ser aplicado a um operando do tipo "std::chrono::microseconds" [C:\Users\Miquéias\Documents\AR Softworks\Projeto-REVO-ENGINE\build\engine\mmo_engine.vcxproj]
